<?xml version="1.0" encoding="UTF-8"?>
<testsuite name="LibraryTest" tests="1" skipped="0" failures="0" errors="0" timestamp="2018-08-20T11:00:05" hostname="ATMECSINLT-253" time="0.008">
  <properties/>
  <testcase name="testSomeLibraryMethod" classname="LibraryTest" time="0.008"/>
  <system-out><![CDATA[]]></system-out>
  <system-err><![CDATA[]]></system-err>
</testsuite>
